[debug] [2020-12-14T11:04:16.416Z] ----------------------------------------------------------------------
[debug] [2020-12-14T11:04:16.432Z] Command:       C:\Program Files\nodejs\node.exe C:\Users\Ramu\AppData\Roaming\npm\node_modules\firebase-tools\lib\bin\firebase.js emulators:start
[debug] [2020-12-14T11:04:16.433Z] CLI Version:   8.18.1
[debug] [2020-12-14T11:04:16.434Z] Platform:      win32
[debug] [2020-12-14T11:04:16.435Z] Node Version:  v14.10.1
[debug] [2020-12-14T11:04:16.523Z] Time:          Mon Dec 14 2020 16:34:16 GMT+0530 (India Standard Time)
[debug] [2020-12-14T11:04:16.523Z] ----------------------------------------------------------------------
[debug] [2020-12-14T11:04:16.524Z] 
[debug] [2020-12-14T11:04:16.538Z] >>> [apiv2][query] GET https://firebase-public.firebaseio.com/cli.json [none]
[debug] [2020-12-14T11:04:16.595Z] > command requires scopes: ["email","openid","https://www.googleapis.com/auth/cloudplatformprojects.readonly","https://www.googleapis.com/auth/firebase","https://www.googleapis.com/auth/cloud-platform"]
[debug] [2020-12-14T11:04:16.596Z] > authorizing via signed-in user
[info] i  emulators: Starting emulators: functions, hosting {"metadata":{"emulator":{"name":"hub"},"message":"Starting emulators: functions, hosting"}}
[debug] [2020-12-14T11:04:17.550Z] <<< [apiv2][status] GET https://firebase-public.firebaseio.com/cli.json 200
[debug] [2020-12-14T11:04:17.552Z] <<< [apiv2][body] GET https://firebase-public.firebaseio.com/cli.json {"cloudBuildErrorAfter":1594252800000,"cloudBuildWarnAfter":1590019200000,"defaultNode10After":1594252800000,"minVersion":"3.0.5","node8DeploysDisabledAfter":1613390400000,"node8RuntimeDisabledAfter":1615809600000,"node8WarnAfter":1600128000000}
[debug] [2020-12-14T11:04:17.716Z] [hub] writing locator at C:\Users\Ramu\AppData\Local\Temp\hub-clone-cd87c.json
[warn] !  functions: The following emulators are not running, calls to these services from the Functions emulator will affect production: auth, firestore, database, pubsub {"metadata":{"emulator":{"name":"functions"},"message":"The following emulators are not running, calls to these services from the Functions emulator will affect production: \u001b[1mauth, firestore, database, pubsub\u001b[22m"}}
[warn] !  Your requested "node" version "12" doesn't match your global version "14" {"metadata":{"emulator":{"name":"functions"},"message":"Your requested \"node\" version \"12\" doesn't match your global version \"14\""}}
[debug] [2020-12-14T11:04:18.796Z] defaultcredentials: writing to file C:\Users\Ramu\AppData\Roaming\firebase\rahul21051995_gmail_com_application_default_credentials.json
[debug] [2020-12-14T11:04:18.817Z] Setting GAC to C:\Users\Ramu\AppData\Roaming\firebase\rahul21051995_gmail_com_application_default_credentials.json {"metadata":{"emulator":{"name":"functions"},"message":"Setting GAC to C:\\Users\\Ramu\\AppData\\Roaming\\firebase\\rahul21051995_gmail_com_application_default_credentials.json"}}
[debug] [2020-12-14T11:04:19.860Z] > refreshing access token with scopes: ["email","https://www.googleapis.com/auth/cloud-platform","https://www.googleapis.com/auth/cloudplatformprojects.readonly","https://www.googleapis.com/auth/firebase","openid"]
[debug] [2020-12-14T11:04:19.861Z] >>> HTTP REQUEST POST https://www.googleapis.com/oauth2/v3/token  
 <request body omitted>
[debug] [2020-12-14T11:04:20.082Z] <<< HTTP RESPONSE 200 {"pragma":"no-cache","date":"Mon, 14 Dec 2020 11:04:23 GMT","expires":"Mon, 01 Jan 1990 00:00:00 GMT","cache-control":"no-cache, no-store, max-age=0, must-revalidate","content-type":"application/json; charset=utf-8","vary":"X-Origin, Referer, Origin,Accept-Encoding","server":"scaffolding on HTTPServer2","x-xss-protection":"0","x-frame-options":"SAMEORIGIN","x-content-type-options":"nosniff","alt-svc":"h3-29=\":443\"; ma=2592000,h3-T051=\":443\"; ma=2592000,h3-Q050=\":443\"; ma=2592000,h3-Q046=\":443\"; ma=2592000,h3-Q043=\":443\"; ma=2592000,quic=\":443\"; ma=2592000; v=\"46,43\"","accept-ranges":"none","transfer-encoding":"chunked"}
[debug] [2020-12-14T11:04:20.149Z] >>> HTTP REQUEST GET https://firebase.googleapis.com/v1beta1/projects/clone-cd87c/webApps/-/config  
 
[debug] [2020-12-14T11:04:21.625Z] <<< HTTP RESPONSE 200 {"content-type":"application/json; charset=UTF-8","vary":"X-Origin, Referer, Origin,Accept-Encoding","date":"Mon, 14 Dec 2020 11:04:24 GMT","server":"ESF","cache-control":"private","x-xss-protection":"0","x-frame-options":"SAMEORIGIN","x-content-type-options":"nosniff","alt-svc":"h3-29=\":443\"; ma=2592000,h3-T051=\":443\"; ma=2592000,h3-Q050=\":443\"; ma=2592000,h3-Q046=\":443\"; ma=2592000,h3-Q043=\":443\"; ma=2592000,quic=\":443\"; ma=2592000; v=\"46,43\"","accept-ranges":"none","transfer-encoding":"chunked"}
[info] i  hosting: Serving hosting files from: build {"metadata":{"emulator":{"name":"hosting"},"message":"Serving hosting files from: \u001b[1mbuild\u001b[22m"}}
[info] +  hosting: Local server: http://localhost:5000 {"metadata":{"emulator":{"name":"hosting"},"message":"Local server: \u001b[4m\u001b[1mhttp://localhost:5000\u001b[22m\u001b[24m"}}
[debug] [2020-12-14T11:04:24.015Z] Ignoring unsupported arg: auto_download {"metadata":{"emulator":{"name":"ui"},"message":"Ignoring unsupported arg: auto_download"}}
[debug] [2020-12-14T11:04:24.016Z] Ignoring unsupported arg: port {"metadata":{"emulator":{"name":"ui"},"message":"Ignoring unsupported arg: port"}}
[debug] [2020-12-14T11:04:24.016Z] Starting Emulator UI with command {"binary":"node","args":["C:\\Users\\Ramu\\.cache\\firebase\\emulators\\ui-v1.3.0\\server.bundle.js"],"optionalArgs":[],"joinArgs":false} {"metadata":{"emulator":{"name":"ui"},"message":"Starting Emulator UI with command {\"binary\":\"node\",\"args\":[\"C:\\\\Users\\\\Ramu\\\\.cache\\\\firebase\\\\emulators\\\\ui-v1.3.0\\\\server.bundle.js\"],\"optionalArgs\":[],\"joinArgs\":false}"}}
[info] i  ui: Emulator UI logging to ui-debug.log {"metadata":{"emulator":{"name":"ui"},"message":"Emulator UI logging to \u001b[1mui-debug.log\u001b[22m"}}
[debug] [2020-12-14T11:04:24.419Z] Web / API server started at http://localhost:4000
 {"metadata":{"emulator":{"name":"ui"},"message":"Web / API server started at http://localhost:4000\n"}}
[info] i  functions: Watching "C:\Users\Ramu\Desktop\Code\react\amazon-clone\functions" for Cloud Functions... {"metadata":{"emulator":{"name":"functions"},"message":"Watching \"C:\\Users\\Ramu\\Desktop\\Code\\react\\amazon-clone\\functions\" for Cloud Functions..."}}
[debug] [2020-12-14T11:04:24.632Z] [worker-pool] addWorker(~diagnostic~) {"metadata":{"emulator":{"name":"functions"},"message":"[worker-pool] addWorker(~diagnostic~)"}}
[debug] [2020-12-14T11:04:24.633Z] [worker-pool] Adding worker with key ~diagnostic~, total=1 {"metadata":{"emulator":{"name":"functions"},"message":"[worker-pool] Adding worker with key ~diagnostic~, total=1"}}
[debug] [2020-12-14T11:04:24.633Z] [worker-pool] submitWork(triggerId=) {"metadata":{"emulator":{"name":"functions"},"message":"[worker-pool] submitWork(triggerId=)"}}
[debug] [2020-12-14T11:04:24.634Z] [worker-~diagnostic~-5a1ad784-f5ed-413f-b85d-cb1e7a18a74c]: Assigning socketPath: \\?\pipe\C:\Users\Ramu\Desktop\Code\react\amazon-clone\functions\5444 {"metadata":{"emulator":{"name":"functions"},"message":"[worker-~diagnostic~-5a1ad784-f5ed-413f-b85d-cb1e7a18a74c]: Assigning socketPath: \\\\?\\pipe\\C:\\Users\\Ramu\\Desktop\\Code\\react\\amazon-clone\\functions\\5444"}}
[debug] [2020-12-14T11:04:24.635Z] [worker-~diagnostic~-5a1ad784-f5ed-413f-b85d-cb1e7a18a74c]: BUSY {"metadata":{"emulator":{"name":"functions"},"message":"[worker-~diagnostic~-5a1ad784-f5ed-413f-b85d-cb1e7a18a74c]: BUSY"}}
[debug] [2020-12-14T11:04:25.349Z] [runtime-status] [5444] Functions runtime initialized. {"cwd":"C:\\Users\\Ramu\\Desktop\\Code\\react\\amazon-clone\\functions","node_version":"14.10.1"} {"metadata":{"emulator":{"name":"functions"},"message":"[runtime-status] [5444] Functions runtime initialized. {\"cwd\":\"C:\\\\Users\\\\Ramu\\\\Desktop\\\\Code\\\\react\\\\amazon-clone\\\\functions\",\"node_version\":\"14.10.1\"}"}}
[debug] [2020-12-14T11:04:25.353Z] [runtime-status] [5444] Disabled runtime features: undefined {"metadata":{"emulator":{"name":"functions"},"message":"[runtime-status] [5444] Disabled runtime features: undefined"}}
[debug] [2020-12-14T11:04:25.358Z] [runtime-status] [5444] Resolved module firebase-admin {"declared":true,"installed":true,"version":"9.4.2","resolution":"C:\\Users\\Ramu\\Desktop\\Code\\react\\amazon-clone\\functions\\node_modules\\firebase-admin\\lib\\index.js"} {"metadata":{"emulator":{"name":"functions"},"message":"[runtime-status] [5444] Resolved module firebase-admin {\"declared\":true,\"installed\":true,\"version\":\"9.4.2\",\"resolution\":\"C:\\\\Users\\\\Ramu\\\\Desktop\\\\Code\\\\react\\\\amazon-clone\\\\functions\\\\node_modules\\\\firebase-admin\\\\lib\\\\index.js\"}"}}
[debug] [2020-12-14T11:04:25.361Z] [runtime-status] [5444] Resolved module firebase-functions {"declared":true,"installed":true,"version":"3.13.0","resolution":"C:\\Users\\Ramu\\Desktop\\Code\\react\\amazon-clone\\functions\\node_modules\\firebase-functions\\lib\\index.js"} {"metadata":{"emulator":{"name":"functions"},"message":"[runtime-status] [5444] Resolved module firebase-functions {\"declared\":true,\"installed\":true,\"version\":\"3.13.0\",\"resolution\":\"C:\\\\Users\\\\Ramu\\\\Desktop\\\\Code\\\\react\\\\amazon-clone\\\\functions\\\\node_modules\\\\firebase-functions\\\\lib\\\\index.js\"}"}}
[debug] [2020-12-14T11:04:25.365Z] [runtime-status] [5444] Resolved module firebase-functions {"declared":true,"installed":true,"version":"3.13.0","resolution":"C:\\Users\\Ramu\\Desktop\\Code\\react\\amazon-clone\\functions\\node_modules\\firebase-functions\\lib\\index.js"} {"metadata":{"emulator":{"name":"functions"},"message":"[runtime-status] [5444] Resolved module firebase-functions {\"declared\":true,\"installed\":true,\"version\":\"3.13.0\",\"resolution\":\"C:\\\\Users\\\\Ramu\\\\Desktop\\\\Code\\\\react\\\\amazon-clone\\\\functions\\\\node_modules\\\\firebase-functions\\\\lib\\\\index.js\"}"}}
[debug] [2020-12-14T11:04:25.368Z] [runtime-status] [5444] Outgoing network have been stubbed. [{"name":"http","status":"mocked"},{"name":"http","status":"mocked"},{"name":"https","status":"mocked"},{"name":"https","status":"mocked"},{"name":"net","status":"mocked"}] {"metadata":{"emulator":{"name":"functions"},"message":"[runtime-status] [5444] Outgoing network have been stubbed. [{\"name\":\"http\",\"status\":\"mocked\"},{\"name\":\"http\",\"status\":\"mocked\"},{\"name\":\"https\",\"status\":\"mocked\"},{\"name\":\"https\",\"status\":\"mocked\"},{\"name\":\"net\",\"status\":\"mocked\"}]"}}
[debug] [2020-12-14T11:04:25.369Z] [runtime-status] [5444] Resolved module firebase-functions {"declared":true,"installed":true,"version":"3.13.0","resolution":"C:\\Users\\Ramu\\Desktop\\Code\\react\\amazon-clone\\functions\\node_modules\\firebase-functions\\lib\\index.js"} {"metadata":{"emulator":{"name":"functions"},"message":"[runtime-status] [5444] Resolved module firebase-functions {\"declared\":true,\"installed\":true,\"version\":\"3.13.0\",\"resolution\":\"C:\\\\Users\\\\Ramu\\\\Desktop\\\\Code\\\\react\\\\amazon-clone\\\\functions\\\\node_modules\\\\firebase-functions\\\\lib\\\\index.js\"}"}}
[debug] [2020-12-14T11:04:26.237Z] [runtime-status] [5444] Checked functions.config() {"config":{}} {"metadata":{"emulator":{"name":"functions"},"message":"[runtime-status] [5444] Checked functions.config() {\"config\":{}}"}}
[debug] [2020-12-14T11:04:26.238Z] [runtime-status] [5444] firebase-functions has been stubbed. {"functionsResolution":{"declared":true,"installed":true,"version":"3.13.0","resolution":"C:\\Users\\Ramu\\Desktop\\Code\\react\\amazon-clone\\functions\\node_modules\\firebase-functions\\lib\\index.js"}} {"metadata":{"emulator":{"name":"functions"},"message":"[runtime-status] [5444] firebase-functions has been stubbed. {\"functionsResolution\":{\"declared\":true,\"installed\":true,\"version\":\"3.13.0\",\"resolution\":\"C:\\\\Users\\\\Ramu\\\\Desktop\\\\Code\\\\react\\\\amazon-clone\\\\functions\\\\node_modules\\\\firebase-functions\\\\lib\\\\index.js\"}}"}}
[debug] [2020-12-14T11:04:26.240Z] [runtime-status] [5444] Resolved module firebase-functions {"declared":true,"installed":true,"version":"3.13.0","resolution":"C:\\Users\\Ramu\\Desktop\\Code\\react\\amazon-clone\\functions\\node_modules\\firebase-functions\\lib\\index.js"} {"metadata":{"emulator":{"name":"functions"},"message":"[runtime-status] [5444] Resolved module firebase-functions {\"declared\":true,\"installed\":true,\"version\":\"3.13.0\",\"resolution\":\"C:\\\\Users\\\\Ramu\\\\Desktop\\\\Code\\\\react\\\\amazon-clone\\\\functions\\\\node_modules\\\\firebase-functions\\\\lib\\\\index.js\"}"}}
[debug] [2020-12-14T11:04:26.244Z] [runtime-status] [5444] Resolved module firebase-admin {"declared":true,"installed":true,"version":"9.4.2","resolution":"C:\\Users\\Ramu\\Desktop\\Code\\react\\amazon-clone\\functions\\node_modules\\firebase-admin\\lib\\index.js"} {"metadata":{"emulator":{"name":"functions"},"message":"[runtime-status] [5444] Resolved module firebase-admin {\"declared\":true,\"installed\":true,\"version\":\"9.4.2\",\"resolution\":\"C:\\\\Users\\\\Ramu\\\\Desktop\\\\Code\\\\react\\\\amazon-clone\\\\functions\\\\node_modules\\\\firebase-admin\\\\lib\\\\index.js\"}"}}
[debug] [2020-12-14T11:04:26.246Z] [runtime-status] [5444] Resolved module firebase-functions {"declared":true,"installed":true,"version":"3.13.0","resolution":"C:\\Users\\Ramu\\Desktop\\Code\\react\\amazon-clone\\functions\\node_modules\\firebase-functions\\lib\\index.js"} {"metadata":{"emulator":{"name":"functions"},"message":"[runtime-status] [5444] Resolved module firebase-functions {\"declared\":true,\"installed\":true,\"version\":\"3.13.0\",\"resolution\":\"C:\\\\Users\\\\Ramu\\\\Desktop\\\\Code\\\\react\\\\amazon-clone\\\\functions\\\\node_modules\\\\firebase-functions\\\\lib\\\\index.js\"}"}}
[debug] [2020-12-14T11:04:26.247Z] [runtime-status] [5444] firebase-admin has been stubbed. {"adminResolution":{"declared":true,"installed":true,"version":"9.4.2","resolution":"C:\\Users\\Ramu\\Desktop\\Code\\react\\amazon-clone\\functions\\node_modules\\firebase-admin\\lib\\index.js"}} {"metadata":{"emulator":{"name":"functions"},"message":"[runtime-status] [5444] firebase-admin has been stubbed. {\"adminResolution\":{\"declared\":true,\"installed\":true,\"version\":\"9.4.2\",\"resolution\":\"C:\\\\Users\\\\Ramu\\\\Desktop\\\\Code\\\\react\\\\amazon-clone\\\\functions\\\\node_modules\\\\firebase-admin\\\\lib\\\\index.js\"}}"}}
[info] +  functions[api]: http function initialized (http://localhost:5001/clone-cd87c/us-central1/api). {"metadata":{"emulator":{"name":"functions"},"message":"\u001b[1mhttp\u001b[22m function initialized (http://localhost:5001/clone-cd87c/us-central1/api)."}}
[info] 
┌────────────────────────────────────────────────────────────────┐
│ ✔  All emulators ready! View status and logs at localhost:4000 │
└────────────────────────────────────────────────────────────────┘

┌───────────┬────────────────┬──────────────────────────┐
│ Emulator  │ Host:Port      │ View in Emulator UI      │
├───────────┼────────────────┼──────────────────────────┤
│ Functions │ localhost:5001 │ localhost:4000/functions │
├───────────┼────────────────┼──────────────────────────┤
│ Hosting   │ localhost:5000 │ n/a                      │
└───────────┴────────────────┴──────────────────────────┘
  Other reserved ports: 4400, 4500

Issues? Report them at https://github.com/firebase/firebase-tools/issues and attach the *-debug.log files.
 
[debug] [2020-12-14T11:04:28.315Z] [worker-~diagnostic~-5a1ad784-f5ed-413f-b85d-cb1e7a18a74c]: IDLE {"metadata":{"emulator":{"name":"functions"},"message":"[worker-~diagnostic~-5a1ad784-f5ed-413f-b85d-cb1e7a18a74c]: IDLE"}}
[debug] [2020-12-14T11:04:48.154Z] [work-queue] {"queueLength":1,"workRunningCount":0}
[debug] [2020-12-14T11:04:48.154Z] [work-queue] {"queueLength":0,"workRunningCount":1}
[debug] [2020-12-14T11:04:48.155Z] Accepted request POST /clone-cd87c/us-central1/api/payments/create?total=0 --> api
[debug] [2020-12-14T11:04:48.163Z] [worker-pool] addWorker(api) {"metadata":{"emulator":{"name":"functions"},"message":"[worker-pool] addWorker(api)"}}
[debug] [2020-12-14T11:04:48.163Z] [worker-pool] Adding worker with key api, total=1 {"metadata":{"emulator":{"name":"functions"},"message":"[worker-pool] Adding worker with key api, total=1"}}
[debug] [2020-12-14T11:04:48.163Z] [worker-pool] submitWork(triggerId=api) {"metadata":{"emulator":{"name":"functions"},"message":"[worker-pool] submitWork(triggerId=api)"}}
[debug] [2020-12-14T11:04:48.165Z] [worker-api-709029fb-2778-469b-bc85-aaf7d71c9bb6]: Assigning socketPath: \\?\pipe\C:\Users\Ramu\Desktop\Code\react\amazon-clone\functions\1496 {"metadata":{"emulator":{"name":"functions"},"message":"[worker-api-709029fb-2778-469b-bc85-aaf7d71c9bb6]: Assigning socketPath: \\\\?\\pipe\\C:\\Users\\Ramu\\Desktop\\Code\\react\\amazon-clone\\functions\\1496"}}
[debug] [2020-12-14T11:04:48.165Z] [worker-api-709029fb-2778-469b-bc85-aaf7d71c9bb6]: BUSY {"metadata":{"emulator":{"name":"functions"},"message":"[worker-api-709029fb-2778-469b-bc85-aaf7d71c9bb6]: BUSY"}}
[debug] [2020-12-14T11:04:48.789Z] [runtime-status] [1496] Functions runtime initialized. {"cwd":"C:\\Users\\Ramu\\Desktop\\Code\\react\\amazon-clone\\functions","node_version":"14.10.1"} {"metadata":{"emulator":{"name":"functions"},"function":{"name":"api"},"message":"[runtime-status] [1496] Functions runtime initialized. {\"cwd\":\"C:\\\\Users\\\\Ramu\\\\Desktop\\\\Code\\\\react\\\\amazon-clone\\\\functions\",\"node_version\":\"14.10.1\"}"}}
[debug] [2020-12-14T11:04:48.794Z] [runtime-status] [1496] Disabled runtime features: undefined {"metadata":{"emulator":{"name":"functions"},"function":{"name":"api"},"message":"[runtime-status] [1496] Disabled runtime features: undefined"}}
[debug] [2020-12-14T11:04:48.802Z] [runtime-status] [1496] Resolved module firebase-admin {"declared":true,"installed":true,"version":"9.4.2","resolution":"C:\\Users\\Ramu\\Desktop\\Code\\react\\amazon-clone\\functions\\node_modules\\firebase-admin\\lib\\index.js"} {"metadata":{"emulator":{"name":"functions"},"function":{"name":"api"},"message":"[runtime-status] [1496] Resolved module firebase-admin {\"declared\":true,\"installed\":true,\"version\":\"9.4.2\",\"resolution\":\"C:\\\\Users\\\\Ramu\\\\Desktop\\\\Code\\\\react\\\\amazon-clone\\\\functions\\\\node_modules\\\\firebase-admin\\\\lib\\\\index.js\"}"}}
[debug] [2020-12-14T11:04:48.805Z] [runtime-status] [1496] Resolved module firebase-functions {"declared":true,"installed":true,"version":"3.13.0","resolution":"C:\\Users\\Ramu\\Desktop\\Code\\react\\amazon-clone\\functions\\node_modules\\firebase-functions\\lib\\index.js"} {"metadata":{"emulator":{"name":"functions"},"function":{"name":"api"},"message":"[runtime-status] [1496] Resolved module firebase-functions {\"declared\":true,\"installed\":true,\"version\":\"3.13.0\",\"resolution\":\"C:\\\\Users\\\\Ramu\\\\Desktop\\\\Code\\\\react\\\\amazon-clone\\\\functions\\\\node_modules\\\\firebase-functions\\\\lib\\\\index.js\"}"}}
[debug] [2020-12-14T11:04:48.810Z] [runtime-status] [1496] Resolved module firebase-functions {"declared":true,"installed":true,"version":"3.13.0","resolution":"C:\\Users\\Ramu\\Desktop\\Code\\react\\amazon-clone\\functions\\node_modules\\firebase-functions\\lib\\index.js"} {"metadata":{"emulator":{"name":"functions"},"function":{"name":"api"},"message":"[runtime-status] [1496] Resolved module firebase-functions {\"declared\":true,\"installed\":true,\"version\":\"3.13.0\",\"resolution\":\"C:\\\\Users\\\\Ramu\\\\Desktop\\\\Code\\\\react\\\\amazon-clone\\\\functions\\\\node_modules\\\\firebase-functions\\\\lib\\\\index.js\"}"}}
[debug] [2020-12-14T11:04:48.814Z] [runtime-status] [1496] Outgoing network have been stubbed. [{"name":"http","status":"mocked"},{"name":"http","status":"mocked"},{"name":"https","status":"mocked"},{"name":"https","status":"mocked"},{"name":"net","status":"mocked"}] {"metadata":{"emulator":{"name":"functions"},"function":{"name":"api"},"message":"[runtime-status] [1496] Outgoing network have been stubbed. [{\"name\":\"http\",\"status\":\"mocked\"},{\"name\":\"http\",\"status\":\"mocked\"},{\"name\":\"https\",\"status\":\"mocked\"},{\"name\":\"https\",\"status\":\"mocked\"},{\"name\":\"net\",\"status\":\"mocked\"}]"}}
[debug] [2020-12-14T11:04:48.815Z] [runtime-status] [1496] Resolved module firebase-functions {"declared":true,"installed":true,"version":"3.13.0","resolution":"C:\\Users\\Ramu\\Desktop\\Code\\react\\amazon-clone\\functions\\node_modules\\firebase-functions\\lib\\index.js"} {"metadata":{"emulator":{"name":"functions"},"function":{"name":"api"},"message":"[runtime-status] [1496] Resolved module firebase-functions {\"declared\":true,\"installed\":true,\"version\":\"3.13.0\",\"resolution\":\"C:\\\\Users\\\\Ramu\\\\Desktop\\\\Code\\\\react\\\\amazon-clone\\\\functions\\\\node_modules\\\\firebase-functions\\\\lib\\\\index.js\"}"}}
[debug] [2020-12-14T11:04:48.975Z] [runtime-status] [1496] Checked functions.config() {"config":{}} {"metadata":{"emulator":{"name":"functions"},"function":{"name":"api"},"message":"[runtime-status] [1496] Checked functions.config() {\"config\":{}}"}}
[debug] [2020-12-14T11:04:48.976Z] [runtime-status] [1496] firebase-functions has been stubbed. {"functionsResolution":{"declared":true,"installed":true,"version":"3.13.0","resolution":"C:\\Users\\Ramu\\Desktop\\Code\\react\\amazon-clone\\functions\\node_modules\\firebase-functions\\lib\\index.js"}} {"metadata":{"emulator":{"name":"functions"},"function":{"name":"api"},"message":"[runtime-status] [1496] firebase-functions has been stubbed. {\"functionsResolution\":{\"declared\":true,\"installed\":true,\"version\":\"3.13.0\",\"resolution\":\"C:\\\\Users\\\\Ramu\\\\Desktop\\\\Code\\\\react\\\\amazon-clone\\\\functions\\\\node_modules\\\\firebase-functions\\\\lib\\\\index.js\"}}"}}
[debug] [2020-12-14T11:04:48.982Z] [runtime-status] [1496] Resolved module firebase-functions {"declared":true,"installed":true,"version":"3.13.0","resolution":"C:\\Users\\Ramu\\Desktop\\Code\\react\\amazon-clone\\functions\\node_modules\\firebase-functions\\lib\\index.js"} {"metadata":{"emulator":{"name":"functions"},"function":{"name":"api"},"message":"[runtime-status] [1496] Resolved module firebase-functions {\"declared\":true,\"installed\":true,\"version\":\"3.13.0\",\"resolution\":\"C:\\\\Users\\\\Ramu\\\\Desktop\\\\Code\\\\react\\\\amazon-clone\\\\functions\\\\node_modules\\\\firebase-functions\\\\lib\\\\index.js\"}"}}
[debug] [2020-12-14T11:04:48.987Z] [runtime-status] [1496] Resolved module firebase-admin {"declared":true,"installed":true,"version":"9.4.2","resolution":"C:\\Users\\Ramu\\Desktop\\Code\\react\\amazon-clone\\functions\\node_modules\\firebase-admin\\lib\\index.js"} {"metadata":{"emulator":{"name":"functions"},"function":{"name":"api"},"message":"[runtime-status] [1496] Resolved module firebase-admin {\"declared\":true,\"installed\":true,\"version\":\"9.4.2\",\"resolution\":\"C:\\\\Users\\\\Ramu\\\\Desktop\\\\Code\\\\react\\\\amazon-clone\\\\functions\\\\node_modules\\\\firebase-admin\\\\lib\\\\index.js\"}"}}
[debug] [2020-12-14T11:04:48.989Z] [runtime-status] [1496] Resolved module firebase-functions {"declared":true,"installed":true,"version":"3.13.0","resolution":"C:\\Users\\Ramu\\Desktop\\Code\\react\\amazon-clone\\functions\\node_modules\\firebase-functions\\lib\\index.js"} {"metadata":{"emulator":{"name":"functions"},"function":{"name":"api"},"message":"[runtime-status] [1496] Resolved module firebase-functions {\"declared\":true,\"installed\":true,\"version\":\"3.13.0\",\"resolution\":\"C:\\\\Users\\\\Ramu\\\\Desktop\\\\Code\\\\react\\\\amazon-clone\\\\functions\\\\node_modules\\\\firebase-functions\\\\lib\\\\index.js\"}"}}
[debug] [2020-12-14T11:04:48.989Z] [runtime-status] [1496] firebase-admin has been stubbed. {"adminResolution":{"declared":true,"installed":true,"version":"9.4.2","resolution":"C:\\Users\\Ramu\\Desktop\\Code\\react\\amazon-clone\\functions\\node_modules\\firebase-admin\\lib\\index.js"}} {"metadata":{"emulator":{"name":"functions"},"function":{"name":"api"},"message":"[runtime-status] [1496] firebase-admin has been stubbed. {\"adminResolution\":{\"declared\":true,\"installed\":true,\"version\":\"9.4.2\",\"resolution\":\"C:\\\\Users\\\\Ramu\\\\Desktop\\\\Code\\\\react\\\\amazon-clone\\\\functions\\\\node_modules\\\\firebase-admin\\\\lib\\\\index.js\"}}"}}
[debug] [2020-12-14T11:04:49.701Z] [runtime-status] [1496] Trigger "api" has been found, beginning invocation! {"metadata":{"emulator":{"name":"functions"},"function":{"name":"api"},"message":"[runtime-status] [1496] Trigger \"api\" has been found, beginning invocation!"}}
[info] i  functions: Beginning execution of "api" {"metadata":{"emulator":{"name":"functions"},"function":{"name":"api"},"message":"Beginning execution of \"api\""}}
[debug] [2020-12-14T11:04:49.737Z] [runtime-status] [1496] triggerDefinition {"httpsTrigger":{},"name":"api","entryPoint":"api"} {"metadata":{"emulator":{"name":"functions"},"function":{"name":"api"},"message":"[runtime-status] [1496] triggerDefinition {\"httpsTrigger\":{},\"name\":\"api\",\"entryPoint\":\"api\"}"}}
[debug] [2020-12-14T11:04:49.737Z] [runtime-status] [1496] Running api in mode HTTPS {"metadata":{"emulator":{"name":"functions"},"function":{"name":"api"},"message":"[runtime-status] [1496] Running api in mode HTTPS"}}
[debug] [2020-12-14T11:04:49.738Z] [runtime-status] [1496] Attempting to listen to socketPath: \\?\pipe\C:\Users\Ramu\Desktop\Code\react\amazon-clone\functions\1496 {"metadata":{"emulator":{"name":"functions"},"function":{"name":"api"},"message":"[runtime-status] [1496] Attempting to listen to socketPath: \\\\?\\pipe\\C:\\Users\\Ramu\\Desktop\\Code\\react\\amazon-clone\\functions\\1496"}}
[debug] [2020-12-14T11:04:49.741Z] [functions] Runtime ready! Sending request! {"metadata":{"emulator":{"name":"functions"},"message":"[functions] Runtime ready! Sending request!"}}
[debug] [2020-12-14T11:04:49.784Z] [runtime-status] [1496] Ephemeral server handling POST request {"metadata":{"emulator":{"name":"functions"},"function":{"name":"api"},"message":"[runtime-status] [1496] Ephemeral server handling POST request"}}
[info] >  Payment request received!! 0 {"user":"Payment request received!! 0","metadata":{"emulator":{"name":"functions"},"function":{"name":"api"},"message":"\u001b[90m> \u001b[39m Payment request received!! 0"}}
[debug] [2020-12-14T11:04:49.859Z] [runtime-status] [1496] Ephemeral server survived. {"metadata":{"emulator":{"name":"functions"},"function":{"name":"api"},"message":"[runtime-status] [1496] Ephemeral server survived."}}
[info] i  functions: Finished "api" in ~1s {"metadata":{"emulator":{"name":"functions"},"function":{"name":"api"},"message":"Finished \"api\" in ~1s"}}
[debug] [2020-12-14T11:04:50.905Z] [worker-api-709029fb-2778-469b-bc85-aaf7d71c9bb6]: IDLE {"metadata":{"emulator":{"name":"functions"},"message":"[worker-api-709029fb-2778-469b-bc85-aaf7d71c9bb6]: IDLE"}}
[debug] [2020-12-14T11:04:50.906Z] [work-queue] {"queueLength":0,"workRunningCount":0}
[debug] [2020-12-14T11:06:20.274Z] [work-queue] {"queueLength":1,"workRunningCount":0}
[debug] [2020-12-14T11:06:20.275Z] [work-queue] {"queueLength":0,"workRunningCount":1}
[debug] [2020-12-14T11:06:20.276Z] Accepted request POST /clone-cd87c/us-central1/api/payments/create?total=32998 --> api
[debug] [2020-12-14T11:06:20.276Z] [worker-pool] submitWork(triggerId=api) {"metadata":{"emulator":{"name":"functions"},"message":"[worker-pool] submitWork(triggerId=api)"}}
[debug] [2020-12-14T11:06:20.278Z] [worker-api-709029fb-2778-469b-bc85-aaf7d71c9bb6]: Assigning socketPath: \\?\pipe\C:\Users\Ramu\Desktop\Code\react\amazon-clone\functions\1496 {"metadata":{"emulator":{"name":"functions"},"message":"[worker-api-709029fb-2778-469b-bc85-aaf7d71c9bb6]: Assigning socketPath: \\\\?\\pipe\\C:\\Users\\Ramu\\Desktop\\Code\\react\\amazon-clone\\functions\\1496"}}
[debug] [2020-12-14T11:06:20.278Z] [worker-api-709029fb-2778-469b-bc85-aaf7d71c9bb6]: BUSY {"metadata":{"emulator":{"name":"functions"},"message":"[worker-api-709029fb-2778-469b-bc85-aaf7d71c9bb6]: BUSY"}}
[debug] [2020-12-14T11:06:20.279Z] [runtime-status] [1496] Trigger "api" has been found, beginning invocation! {"metadata":{"emulator":{"name":"functions"},"function":{"name":"api"},"message":"[runtime-status] [1496] Trigger \"api\" has been found, beginning invocation!"}}
[info] i  functions: Beginning execution of "api" {"metadata":{"emulator":{"name":"functions"},"function":{"name":"api"},"message":"Beginning execution of \"api\""}}
[debug] [2020-12-14T11:06:20.286Z] [runtime-status] [1496] triggerDefinition {"httpsTrigger":{},"name":"api","entryPoint":"api"} {"metadata":{"emulator":{"name":"functions"},"function":{"name":"api"},"message":"[runtime-status] [1496] triggerDefinition {\"httpsTrigger\":{},\"name\":\"api\",\"entryPoint\":\"api\"}"}}
[debug] [2020-12-14T11:06:20.286Z] [runtime-status] [1496] Running api in mode HTTPS {"metadata":{"emulator":{"name":"functions"},"function":{"name":"api"},"message":"[runtime-status] [1496] Running api in mode HTTPS"}}
[debug] [2020-12-14T11:06:20.287Z] [runtime-status] [1496] Attempting to listen to socketPath: \\?\pipe\C:\Users\Ramu\Desktop\Code\react\amazon-clone\functions\1496 {"metadata":{"emulator":{"name":"functions"},"function":{"name":"api"},"message":"[runtime-status] [1496] Attempting to listen to socketPath: \\\\?\\pipe\\C:\\Users\\Ramu\\Desktop\\Code\\react\\amazon-clone\\functions\\1496"}}
[debug] [2020-12-14T11:06:20.290Z] [functions] Runtime ready! Sending request! {"metadata":{"emulator":{"name":"functions"},"message":"[functions] Runtime ready! Sending request!"}}
[debug] [2020-12-14T11:06:20.298Z] [runtime-status] [1496] Ephemeral server handling POST request {"metadata":{"emulator":{"name":"functions"},"function":{"name":"api"},"message":"[runtime-status] [1496] Ephemeral server handling POST request"}}
[info] >  Payment request received!! 32998 {"user":"Payment request received!! 32998","metadata":{"emulator":{"name":"functions"},"function":{"name":"api"},"message":"\u001b[90m> \u001b[39m Payment request received!! 32998"}}
[debug] [2020-12-14T11:06:20.307Z] [runtime-status] [1496] Ephemeral server survived. {"metadata":{"emulator":{"name":"functions"},"function":{"name":"api"},"message":"[runtime-status] [1496] Ephemeral server survived."}}
[info] i  functions: Finished "api" in ~1s {"metadata":{"emulator":{"name":"functions"},"function":{"name":"api"},"message":"Finished \"api\" in ~1s"}}
[debug] [2020-12-14T11:06:21.034Z] [worker-api-709029fb-2778-469b-bc85-aaf7d71c9bb6]: IDLE {"metadata":{"emulator":{"name":"functions"},"message":"[worker-api-709029fb-2778-469b-bc85-aaf7d71c9bb6]: IDLE"}}
[debug] [2020-12-14T11:06:21.034Z] [work-queue] {"queueLength":0,"workRunningCount":0}
[debug] [2020-12-14T11:17:54.240Z] File C:\Users\Ramu\Desktop\Code\react\amazon-clone\functions\index.js changed, reloading triggers {"metadata":{"emulator":{"name":"functions"},"message":"File C:\\Users\\Ramu\\Desktop\\Code\\react\\amazon-clone\\functions\\index.js changed, reloading triggers"}}
[debug] [2020-12-14T11:17:55.246Z] [worker-pool] Shutting down IDLE worker (~diagnostic~) {"metadata":{"emulator":{"name":"functions"},"message":"[worker-pool] Shutting down IDLE worker (~diagnostic~)"}}
[debug] [2020-12-14T11:17:55.246Z] [worker-~diagnostic~-5a1ad784-f5ed-413f-b85d-cb1e7a18a74c]: FINISHING {"metadata":{"emulator":{"name":"functions"},"message":"[worker-~diagnostic~-5a1ad784-f5ed-413f-b85d-cb1e7a18a74c]: FINISHING"}}
[debug] [2020-12-14T11:17:55.247Z] [worker-pool] Shutting down IDLE worker (api) {"metadata":{"emulator":{"name":"functions"},"message":"[worker-pool] Shutting down IDLE worker (api)"}}
[debug] [2020-12-14T11:17:55.248Z] [worker-api-709029fb-2778-469b-bc85-aaf7d71c9bb6]: FINISHING {"metadata":{"emulator":{"name":"functions"},"message":"[worker-api-709029fb-2778-469b-bc85-aaf7d71c9bb6]: FINISHING"}}
[debug] [2020-12-14T11:17:55.258Z] [worker-pool] addWorker(~diagnostic~) {"metadata":{"emulator":{"name":"functions"},"message":"[worker-pool] addWorker(~diagnostic~)"}}
[debug] [2020-12-14T11:17:55.258Z] [worker-pool] Adding worker with key ~diagnostic~, total=2 {"metadata":{"emulator":{"name":"functions"},"message":"[worker-pool] Adding worker with key ~diagnostic~, total=2"}}
[debug] [2020-12-14T11:17:55.258Z] [worker-pool] submitWork(triggerId=) {"metadata":{"emulator":{"name":"functions"},"message":"[worker-pool] submitWork(triggerId=)"}}
[debug] [2020-12-14T11:17:55.258Z] [worker-~diagnostic~-c1f0eddb-d36c-4a11-9df4-91a986b61a34]: Assigning socketPath: \\?\pipe\C:\Users\Ramu\Desktop\Code\react\amazon-clone\functions\9524 {"metadata":{"emulator":{"name":"functions"},"message":"[worker-~diagnostic~-c1f0eddb-d36c-4a11-9df4-91a986b61a34]: Assigning socketPath: \\\\?\\pipe\\C:\\Users\\Ramu\\Desktop\\Code\\react\\amazon-clone\\functions\\9524"}}
[debug] [2020-12-14T11:17:55.259Z] [worker-~diagnostic~-c1f0eddb-d36c-4a11-9df4-91a986b61a34]: BUSY {"metadata":{"emulator":{"name":"functions"},"message":"[worker-~diagnostic~-c1f0eddb-d36c-4a11-9df4-91a986b61a34]: BUSY"}}
[debug] [2020-12-14T11:17:55.310Z] [worker-~diagnostic~-5a1ad784-f5ed-413f-b85d-cb1e7a18a74c]: exited {"metadata":{"emulator":{"name":"functions"},"message":"[worker-~diagnostic~-5a1ad784-f5ed-413f-b85d-cb1e7a18a74c]: exited"}}
[debug] [2020-12-14T11:17:55.310Z] [worker-~diagnostic~-5a1ad784-f5ed-413f-b85d-cb1e7a18a74c]: FINISHED {"metadata":{"emulator":{"name":"functions"},"message":"[worker-~diagnostic~-5a1ad784-f5ed-413f-b85d-cb1e7a18a74c]: FINISHED"}}
[debug] [2020-12-14T11:17:55.326Z] [worker-api-709029fb-2778-469b-bc85-aaf7d71c9bb6]: exited {"metadata":{"emulator":{"name":"functions"},"message":"[worker-api-709029fb-2778-469b-bc85-aaf7d71c9bb6]: exited"}}
[debug] [2020-12-14T11:17:55.327Z] [worker-api-709029fb-2778-469b-bc85-aaf7d71c9bb6]: FINISHED {"metadata":{"emulator":{"name":"functions"},"message":"[worker-api-709029fb-2778-469b-bc85-aaf7d71c9bb6]: FINISHED"}}
[debug] [2020-12-14T11:17:56.136Z] [runtime-status] [9524] Functions runtime initialized. {"cwd":"C:\\Users\\Ramu\\Desktop\\Code\\react\\amazon-clone\\functions","node_version":"14.10.1"} {"metadata":{"emulator":{"name":"functions"},"message":"[runtime-status] [9524] Functions runtime initialized. {\"cwd\":\"C:\\\\Users\\\\Ramu\\\\Desktop\\\\Code\\\\react\\\\amazon-clone\\\\functions\",\"node_version\":\"14.10.1\"}"}}
[debug] [2020-12-14T11:17:56.143Z] [runtime-status] [9524] Disabled runtime features: undefined {"metadata":{"emulator":{"name":"functions"},"message":"[runtime-status] [9524] Disabled runtime features: undefined"}}
[debug] [2020-12-14T11:17:56.152Z] [runtime-status] [9524] Resolved module firebase-admin {"declared":true,"installed":true,"version":"9.4.2","resolution":"C:\\Users\\Ramu\\Desktop\\Code\\react\\amazon-clone\\functions\\node_modules\\firebase-admin\\lib\\index.js"} {"metadata":{"emulator":{"name":"functions"},"message":"[runtime-status] [9524] Resolved module firebase-admin {\"declared\":true,\"installed\":true,\"version\":\"9.4.2\",\"resolution\":\"C:\\\\Users\\\\Ramu\\\\Desktop\\\\Code\\\\react\\\\amazon-clone\\\\functions\\\\node_modules\\\\firebase-admin\\\\lib\\\\index.js\"}"}}
[debug] [2020-12-14T11:17:56.158Z] [runtime-status] [9524] Resolved module firebase-functions {"declared":true,"installed":true,"version":"3.13.0","resolution":"C:\\Users\\Ramu\\Desktop\\Code\\react\\amazon-clone\\functions\\node_modules\\firebase-functions\\lib\\index.js"} {"metadata":{"emulator":{"name":"functions"},"message":"[runtime-status] [9524] Resolved module firebase-functions {\"declared\":true,\"installed\":true,\"version\":\"3.13.0\",\"resolution\":\"C:\\\\Users\\\\Ramu\\\\Desktop\\\\Code\\\\react\\\\amazon-clone\\\\functions\\\\node_modules\\\\firebase-functions\\\\lib\\\\index.js\"}"}}
[debug] [2020-12-14T11:17:56.161Z] [runtime-status] [9524] Resolved module firebase-functions {"declared":true,"installed":true,"version":"3.13.0","resolution":"C:\\Users\\Ramu\\Desktop\\Code\\react\\amazon-clone\\functions\\node_modules\\firebase-functions\\lib\\index.js"} {"metadata":{"emulator":{"name":"functions"},"message":"[runtime-status] [9524] Resolved module firebase-functions {\"declared\":true,\"installed\":true,\"version\":\"3.13.0\",\"resolution\":\"C:\\\\Users\\\\Ramu\\\\Desktop\\\\Code\\\\react\\\\amazon-clone\\\\functions\\\\node_modules\\\\firebase-functions\\\\lib\\\\index.js\"}"}}
[debug] [2020-12-14T11:17:56.166Z] [runtime-status] [9524] Outgoing network have been stubbed. [{"name":"http","status":"mocked"},{"name":"http","status":"mocked"},{"name":"https","status":"mocked"},{"name":"https","status":"mocked"},{"name":"net","status":"mocked"}] {"metadata":{"emulator":{"name":"functions"},"message":"[runtime-status] [9524] Outgoing network have been stubbed. [{\"name\":\"http\",\"status\":\"mocked\"},{\"name\":\"http\",\"status\":\"mocked\"},{\"name\":\"https\",\"status\":\"mocked\"},{\"name\":\"https\",\"status\":\"mocked\"},{\"name\":\"net\",\"status\":\"mocked\"}]"}}
[debug] [2020-12-14T11:17:56.167Z] [runtime-status] [9524] Resolved module firebase-functions {"declared":true,"installed":true,"version":"3.13.0","resolution":"C:\\Users\\Ramu\\Desktop\\Code\\react\\amazon-clone\\functions\\node_modules\\firebase-functions\\lib\\index.js"} {"metadata":{"emulator":{"name":"functions"},"message":"[runtime-status] [9524] Resolved module firebase-functions {\"declared\":true,\"installed\":true,\"version\":\"3.13.0\",\"resolution\":\"C:\\\\Users\\\\Ramu\\\\Desktop\\\\Code\\\\react\\\\amazon-clone\\\\functions\\\\node_modules\\\\firebase-functions\\\\lib\\\\index.js\"}"}}
[debug] [2020-12-14T11:17:56.325Z] [runtime-status] [9524] Checked functions.config() {"config":{}} {"metadata":{"emulator":{"name":"functions"},"message":"[runtime-status] [9524] Checked functions.config() {\"config\":{}}"}}
[debug] [2020-12-14T11:17:56.326Z] [runtime-status] [9524] firebase-functions has been stubbed. {"functionsResolution":{"declared":true,"installed":true,"version":"3.13.0","resolution":"C:\\Users\\Ramu\\Desktop\\Code\\react\\amazon-clone\\functions\\node_modules\\firebase-functions\\lib\\index.js"}} {"metadata":{"emulator":{"name":"functions"},"message":"[runtime-status] [9524] firebase-functions has been stubbed. {\"functionsResolution\":{\"declared\":true,\"installed\":true,\"version\":\"3.13.0\",\"resolution\":\"C:\\\\Users\\\\Ramu\\\\Desktop\\\\Code\\\\react\\\\amazon-clone\\\\functions\\\\node_modules\\\\firebase-functions\\\\lib\\\\index.js\"}}"}}
[debug] [2020-12-14T11:17:56.329Z] [runtime-status] [9524] Resolved module firebase-functions {"declared":true,"installed":true,"version":"3.13.0","resolution":"C:\\Users\\Ramu\\Desktop\\Code\\react\\amazon-clone\\functions\\node_modules\\firebase-functions\\lib\\index.js"} {"metadata":{"emulator":{"name":"functions"},"message":"[runtime-status] [9524] Resolved module firebase-functions {\"declared\":true,\"installed\":true,\"version\":\"3.13.0\",\"resolution\":\"C:\\\\Users\\\\Ramu\\\\Desktop\\\\Code\\\\react\\\\amazon-clone\\\\functions\\\\node_modules\\\\firebase-functions\\\\lib\\\\index.js\"}"}}
[debug] [2020-12-14T11:17:56.391Z] [runtime-status] [9524] Resolved module firebase-admin {"declared":true,"installed":true,"version":"9.4.2","resolution":"C:\\Users\\Ramu\\Desktop\\Code\\react\\amazon-clone\\functions\\node_modules\\firebase-admin\\lib\\index.js"} {"metadata":{"emulator":{"name":"functions"},"message":"[runtime-status] [9524] Resolved module firebase-admin {\"declared\":true,\"installed\":true,\"version\":\"9.4.2\",\"resolution\":\"C:\\\\Users\\\\Ramu\\\\Desktop\\\\Code\\\\react\\\\amazon-clone\\\\functions\\\\node_modules\\\\firebase-admin\\\\lib\\\\index.js\"}"}}
[debug] [2020-12-14T11:17:56.395Z] [runtime-status] [9524] Resolved module firebase-functions {"declared":true,"installed":true,"version":"3.13.0","resolution":"C:\\Users\\Ramu\\Desktop\\Code\\react\\amazon-clone\\functions\\node_modules\\firebase-functions\\lib\\index.js"} {"metadata":{"emulator":{"name":"functions"},"message":"[runtime-status] [9524] Resolved module firebase-functions {\"declared\":true,\"installed\":true,\"version\":\"3.13.0\",\"resolution\":\"C:\\\\Users\\\\Ramu\\\\Desktop\\\\Code\\\\react\\\\amazon-clone\\\\functions\\\\node_modules\\\\firebase-functions\\\\lib\\\\index.js\"}"}}
[debug] [2020-12-14T11:17:56.396Z] [runtime-status] [9524] firebase-admin has been stubbed. {"adminResolution":{"declared":true,"installed":true,"version":"9.4.2","resolution":"C:\\Users\\Ramu\\Desktop\\Code\\react\\amazon-clone\\functions\\node_modules\\firebase-admin\\lib\\index.js"}} {"metadata":{"emulator":{"name":"functions"},"message":"[runtime-status] [9524] firebase-admin has been stubbed. {\"adminResolution\":{\"declared\":true,\"installed\":true,\"version\":\"9.4.2\",\"resolution\":\"C:\\\\Users\\\\Ramu\\\\Desktop\\\\Code\\\\react\\\\amazon-clone\\\\functions\\\\node_modules\\\\firebase-admin\\\\lib\\\\index.js\"}}"}}
[debug] [2020-12-14T11:17:56.864Z] [worker-~diagnostic~-c1f0eddb-d36c-4a11-9df4-91a986b61a34]: IDLE {"metadata":{"emulator":{"name":"functions"},"message":"[worker-~diagnostic~-c1f0eddb-d36c-4a11-9df4-91a986b61a34]: IDLE"}}
[debug] [2020-12-14T11:18:44.723Z] [work-queue] {"queueLength":1,"workRunningCount":0}
[debug] [2020-12-14T11:18:44.724Z] [work-queue] {"queueLength":0,"workRunningCount":1}
[debug] [2020-12-14T11:18:44.724Z] Accepted request POST /clone-cd87c/us-central1/api/payments/create?total=4999 --> api
[debug] [2020-12-14T11:18:44.724Z] [worker-pool] Cleaned up workers for ~diagnostic~: 2 --> 1 {"metadata":{"emulator":{"name":"functions"},"message":"[worker-pool] Cleaned up workers for ~diagnostic~: 2 --> 1"}}
[debug] [2020-12-14T11:18:44.725Z] [worker-pool] Cleaned up workers for api: 1 --> 0 {"metadata":{"emulator":{"name":"functions"},"message":"[worker-pool] Cleaned up workers for api: 1 --> 0"}}
[debug] [2020-12-14T11:18:44.731Z] [worker-pool] addWorker(api) {"metadata":{"emulator":{"name":"functions"},"message":"[worker-pool] addWorker(api)"}}
[debug] [2020-12-14T11:18:44.731Z] [worker-pool] Adding worker with key api, total=1 {"metadata":{"emulator":{"name":"functions"},"message":"[worker-pool] Adding worker with key api, total=1"}}
[debug] [2020-12-14T11:18:44.731Z] [worker-pool] submitWork(triggerId=api) {"metadata":{"emulator":{"name":"functions"},"message":"[worker-pool] submitWork(triggerId=api)"}}
[debug] [2020-12-14T11:18:44.732Z] [worker-api-24f3e685-15b5-4282-9641-5b8e431d975c]: Assigning socketPath: \\?\pipe\C:\Users\Ramu\Desktop\Code\react\amazon-clone\functions\4300 {"metadata":{"emulator":{"name":"functions"},"message":"[worker-api-24f3e685-15b5-4282-9641-5b8e431d975c]: Assigning socketPath: \\\\?\\pipe\\C:\\Users\\Ramu\\Desktop\\Code\\react\\amazon-clone\\functions\\4300"}}
[debug] [2020-12-14T11:18:44.732Z] [worker-api-24f3e685-15b5-4282-9641-5b8e431d975c]: BUSY {"metadata":{"emulator":{"name":"functions"},"message":"[worker-api-24f3e685-15b5-4282-9641-5b8e431d975c]: BUSY"}}
[debug] [2020-12-14T11:18:45.368Z] [runtime-status] [4300] Functions runtime initialized. {"cwd":"C:\\Users\\Ramu\\Desktop\\Code\\react\\amazon-clone\\functions","node_version":"14.10.1"} {"metadata":{"emulator":{"name":"functions"},"function":{"name":"api"},"message":"[runtime-status] [4300] Functions runtime initialized. {\"cwd\":\"C:\\\\Users\\\\Ramu\\\\Desktop\\\\Code\\\\react\\\\amazon-clone\\\\functions\",\"node_version\":\"14.10.1\"}"}}
[debug] [2020-12-14T11:18:45.376Z] [runtime-status] [4300] Disabled runtime features: undefined {"metadata":{"emulator":{"name":"functions"},"function":{"name":"api"},"message":"[runtime-status] [4300] Disabled runtime features: undefined"}}
[debug] [2020-12-14T11:18:45.384Z] [runtime-status] [4300] Resolved module firebase-admin {"declared":true,"installed":true,"version":"9.4.2","resolution":"C:\\Users\\Ramu\\Desktop\\Code\\react\\amazon-clone\\functions\\node_modules\\firebase-admin\\lib\\index.js"} {"metadata":{"emulator":{"name":"functions"},"function":{"name":"api"},"message":"[runtime-status] [4300] Resolved module firebase-admin {\"declared\":true,\"installed\":true,\"version\":\"9.4.2\",\"resolution\":\"C:\\\\Users\\\\Ramu\\\\Desktop\\\\Code\\\\react\\\\amazon-clone\\\\functions\\\\node_modules\\\\firebase-admin\\\\lib\\\\index.js\"}"}}
[debug] [2020-12-14T11:18:45.391Z] [runtime-status] [4300] Resolved module firebase-functions {"declared":true,"installed":true,"version":"3.13.0","resolution":"C:\\Users\\Ramu\\Desktop\\Code\\react\\amazon-clone\\functions\\node_modules\\firebase-functions\\lib\\index.js"} {"metadata":{"emulator":{"name":"functions"},"function":{"name":"api"},"message":"[runtime-status] [4300] Resolved module firebase-functions {\"declared\":true,\"installed\":true,\"version\":\"3.13.0\",\"resolution\":\"C:\\\\Users\\\\Ramu\\\\Desktop\\\\Code\\\\react\\\\amazon-clone\\\\functions\\\\node_modules\\\\firebase-functions\\\\lib\\\\index.js\"}"}}
[debug] [2020-12-14T11:18:45.396Z] [runtime-status] [4300] Resolved module firebase-functions {"declared":true,"installed":true,"version":"3.13.0","resolution":"C:\\Users\\Ramu\\Desktop\\Code\\react\\amazon-clone\\functions\\node_modules\\firebase-functions\\lib\\index.js"} {"metadata":{"emulator":{"name":"functions"},"function":{"name":"api"},"message":"[runtime-status] [4300] Resolved module firebase-functions {\"declared\":true,\"installed\":true,\"version\":\"3.13.0\",\"resolution\":\"C:\\\\Users\\\\Ramu\\\\Desktop\\\\Code\\\\react\\\\amazon-clone\\\\functions\\\\node_modules\\\\firebase-functions\\\\lib\\\\index.js\"}"}}
[debug] [2020-12-14T11:18:45.400Z] [runtime-status] [4300] Outgoing network have been stubbed. [{"name":"http","status":"mocked"},{"name":"http","status":"mocked"},{"name":"https","status":"mocked"},{"name":"https","status":"mocked"},{"name":"net","status":"mocked"}] {"metadata":{"emulator":{"name":"functions"},"function":{"name":"api"},"message":"[runtime-status] [4300] Outgoing network have been stubbed. [{\"name\":\"http\",\"status\":\"mocked\"},{\"name\":\"http\",\"status\":\"mocked\"},{\"name\":\"https\",\"status\":\"mocked\"},{\"name\":\"https\",\"status\":\"mocked\"},{\"name\":\"net\",\"status\":\"mocked\"}]"}}
[debug] [2020-12-14T11:18:45.402Z] [runtime-status] [4300] Resolved module firebase-functions {"declared":true,"installed":true,"version":"3.13.0","resolution":"C:\\Users\\Ramu\\Desktop\\Code\\react\\amazon-clone\\functions\\node_modules\\firebase-functions\\lib\\index.js"} {"metadata":{"emulator":{"name":"functions"},"function":{"name":"api"},"message":"[runtime-status] [4300] Resolved module firebase-functions {\"declared\":true,\"installed\":true,\"version\":\"3.13.0\",\"resolution\":\"C:\\\\Users\\\\Ramu\\\\Desktop\\\\Code\\\\react\\\\amazon-clone\\\\functions\\\\node_modules\\\\firebase-functions\\\\lib\\\\index.js\"}"}}
[debug] [2020-12-14T11:18:45.556Z] [runtime-status] [4300] Checked functions.config() {"config":{}} {"metadata":{"emulator":{"name":"functions"},"function":{"name":"api"},"message":"[runtime-status] [4300] Checked functions.config() {\"config\":{}}"}}
[debug] [2020-12-14T11:18:45.557Z] [runtime-status] [4300] firebase-functions has been stubbed. {"functionsResolution":{"declared":true,"installed":true,"version":"3.13.0","resolution":"C:\\Users\\Ramu\\Desktop\\Code\\react\\amazon-clone\\functions\\node_modules\\firebase-functions\\lib\\index.js"}} {"metadata":{"emulator":{"name":"functions"},"function":{"name":"api"},"message":"[runtime-status] [4300] firebase-functions has been stubbed. {\"functionsResolution\":{\"declared\":true,\"installed\":true,\"version\":\"3.13.0\",\"resolution\":\"C:\\\\Users\\\\Ramu\\\\Desktop\\\\Code\\\\react\\\\amazon-clone\\\\functions\\\\node_modules\\\\firebase-functions\\\\lib\\\\index.js\"}}"}}
[debug] [2020-12-14T11:18:45.558Z] [runtime-status] [4300] Resolved module firebase-functions {"declared":true,"installed":true,"version":"3.13.0","resolution":"C:\\Users\\Ramu\\Desktop\\Code\\react\\amazon-clone\\functions\\node_modules\\firebase-functions\\lib\\index.js"} {"metadata":{"emulator":{"name":"functions"},"function":{"name":"api"},"message":"[runtime-status] [4300] Resolved module firebase-functions {\"declared\":true,\"installed\":true,\"version\":\"3.13.0\",\"resolution\":\"C:\\\\Users\\\\Ramu\\\\Desktop\\\\Code\\\\react\\\\amazon-clone\\\\functions\\\\node_modules\\\\firebase-functions\\\\lib\\\\index.js\"}"}}
[debug] [2020-12-14T11:18:45.561Z] [runtime-status] [4300] Resolved module firebase-admin {"declared":true,"installed":true,"version":"9.4.2","resolution":"C:\\Users\\Ramu\\Desktop\\Code\\react\\amazon-clone\\functions\\node_modules\\firebase-admin\\lib\\index.js"} {"metadata":{"emulator":{"name":"functions"},"function":{"name":"api"},"message":"[runtime-status] [4300] Resolved module firebase-admin {\"declared\":true,\"installed\":true,\"version\":\"9.4.2\",\"resolution\":\"C:\\\\Users\\\\Ramu\\\\Desktop\\\\Code\\\\react\\\\amazon-clone\\\\functions\\\\node_modules\\\\firebase-admin\\\\lib\\\\index.js\"}"}}
[debug] [2020-12-14T11:18:45.564Z] [runtime-status] [4300] Resolved module firebase-functions {"declared":true,"installed":true,"version":"3.13.0","resolution":"C:\\Users\\Ramu\\Desktop\\Code\\react\\amazon-clone\\functions\\node_modules\\firebase-functions\\lib\\index.js"} {"metadata":{"emulator":{"name":"functions"},"function":{"name":"api"},"message":"[runtime-status] [4300] Resolved module firebase-functions {\"declared\":true,\"installed\":true,\"version\":\"3.13.0\",\"resolution\":\"C:\\\\Users\\\\Ramu\\\\Desktop\\\\Code\\\\react\\\\amazon-clone\\\\functions\\\\node_modules\\\\firebase-functions\\\\lib\\\\index.js\"}"}}
[debug] [2020-12-14T11:18:45.566Z] [runtime-status] [4300] firebase-admin has been stubbed. {"adminResolution":{"declared":true,"installed":true,"version":"9.4.2","resolution":"C:\\Users\\Ramu\\Desktop\\Code\\react\\amazon-clone\\functions\\node_modules\\firebase-admin\\lib\\index.js"}} {"metadata":{"emulator":{"name":"functions"},"function":{"name":"api"},"message":"[runtime-status] [4300] firebase-admin has been stubbed. {\"adminResolution\":{\"declared\":true,\"installed\":true,\"version\":\"9.4.2\",\"resolution\":\"C:\\\\Users\\\\Ramu\\\\Desktop\\\\Code\\\\react\\\\amazon-clone\\\\functions\\\\node_modules\\\\firebase-admin\\\\lib\\\\index.js\"}}"}}
[debug] [2020-12-14T11:18:46.084Z] [runtime-status] [4300] Trigger "api" has been found, beginning invocation! {"metadata":{"emulator":{"name":"functions"},"function":{"name":"api"},"message":"[runtime-status] [4300] Trigger \"api\" has been found, beginning invocation!"}}
[info] i  functions: Beginning execution of "api" {"metadata":{"emulator":{"name":"functions"},"function":{"name":"api"},"message":"Beginning execution of \"api\""}}
[debug] [2020-12-14T11:18:46.088Z] [runtime-status] [4300] triggerDefinition {"httpsTrigger":{},"name":"api","entryPoint":"api"} {"metadata":{"emulator":{"name":"functions"},"function":{"name":"api"},"message":"[runtime-status] [4300] triggerDefinition {\"httpsTrigger\":{},\"name\":\"api\",\"entryPoint\":\"api\"}"}}
[debug] [2020-12-14T11:18:46.088Z] [runtime-status] [4300] Running api in mode HTTPS {"metadata":{"emulator":{"name":"functions"},"function":{"name":"api"},"message":"[runtime-status] [4300] Running api in mode HTTPS"}}
[debug] [2020-12-14T11:18:46.094Z] [runtime-status] [4300] Attempting to listen to socketPath: \\?\pipe\C:\Users\Ramu\Desktop\Code\react\amazon-clone\functions\4300 {"metadata":{"emulator":{"name":"functions"},"function":{"name":"api"},"message":"[runtime-status] [4300] Attempting to listen to socketPath: \\\\?\\pipe\\C:\\Users\\Ramu\\Desktop\\Code\\react\\amazon-clone\\functions\\4300"}}
[debug] [2020-12-14T11:18:46.099Z] [functions] Runtime ready! Sending request! {"metadata":{"emulator":{"name":"functions"},"message":"[functions] Runtime ready! Sending request!"}}
[debug] [2020-12-14T11:18:46.149Z] [runtime-status] [4300] Ephemeral server handling POST request {"metadata":{"emulator":{"name":"functions"},"function":{"name":"api"},"message":"[runtime-status] [4300] Ephemeral server handling POST request"}}
[info] >  Payment request received!! 4999 {"user":"Payment request received!! 4999","metadata":{"emulator":{"name":"functions"},"function":{"name":"api"},"message":"\u001b[90m> \u001b[39m Payment request received!! 4999"}}
[debug] [2020-12-14T11:18:46.209Z] [runtime-status] [4300] Ephemeral server survived. {"metadata":{"emulator":{"name":"functions"},"function":{"name":"api"},"message":"[runtime-status] [4300] Ephemeral server survived."}}
[info] >  Backend PaymentIntenet { {"user":"Backend PaymentIntenet {","metadata":{"emulator":{"name":"functions"},"function":{"name":"api"},"message":"\u001b[90m> \u001b[39m Backend PaymentIntenet {"}}
[info] >    id: 'pi_1HyF4nFHdEPONKhFcWh8tFbs', {"user":"  id: 'pi_1HyF4nFHdEPONKhFcWh8tFbs',","metadata":{"emulator":{"name":"functions"},"function":{"name":"api"},"message":"\u001b[90m> \u001b[39m   id: 'pi_1HyF4nFHdEPONKhFcWh8tFbs',"}}
[info] >    object: 'payment_intent', {"user":"  object: 'payment_intent',","metadata":{"emulator":{"name":"functions"},"function":{"name":"api"},"message":"\u001b[90m> \u001b[39m   object: 'payment_intent',"}}
[info] >    amount: 2000, {"user":"  amount: 2000,","metadata":{"emulator":{"name":"functions"},"function":{"name":"api"},"message":"\u001b[90m> \u001b[39m   amount: 2000,"}}
[info] >    amount_capturable: 0, {"user":"  amount_capturable: 0,","metadata":{"emulator":{"name":"functions"},"function":{"name":"api"},"message":"\u001b[90m> \u001b[39m   amount_capturable: 0,"}}
[info] >    amount_received: 0, {"user":"  amount_received: 0,","metadata":{"emulator":{"name":"functions"},"function":{"name":"api"},"message":"\u001b[90m> \u001b[39m   amount_received: 0,"}}
[info] >    application: null, {"user":"  application: null,","metadata":{"emulator":{"name":"functions"},"function":{"name":"api"},"message":"\u001b[90m> \u001b[39m   application: null,"}}
[info] >    application_fee_amount: null, {"user":"  application_fee_amount: null,","metadata":{"emulator":{"name":"functions"},"function":{"name":"api"},"message":"\u001b[90m> \u001b[39m   application_fee_amount: null,"}}
[info] >    canceled_at: null, {"user":"  canceled_at: null,","metadata":{"emulator":{"name":"functions"},"function":{"name":"api"},"message":"\u001b[90m> \u001b[39m   canceled_at: null,"}}
[info] >    cancellation_reason: null, {"user":"  cancellation_reason: null,","metadata":{"emulator":{"name":"functions"},"function":{"name":"api"},"message":"\u001b[90m> \u001b[39m   cancellation_reason: null,"}}
[info] >    capture_method: 'automatic', {"user":"  capture_method: 'automatic',","metadata":{"emulator":{"name":"functions"},"function":{"name":"api"},"message":"\u001b[90m> \u001b[39m   capture_method: 'automatic',"}}
[info] >    charges: { {"user":"  charges: {","metadata":{"emulator":{"name":"functions"},"function":{"name":"api"},"message":"\u001b[90m> \u001b[39m   charges: {"}}
[info] >      object: 'list', {"user":"    object: 'list',","metadata":{"emulator":{"name":"functions"},"function":{"name":"api"},"message":"\u001b[90m> \u001b[39m     object: 'list',"}}
[info] >      data: [], {"user":"    data: [],","metadata":{"emulator":{"name":"functions"},"function":{"name":"api"},"message":"\u001b[90m> \u001b[39m     data: [],"}}
[info] >      has_more: false, {"user":"    has_more: false,","metadata":{"emulator":{"name":"functions"},"function":{"name":"api"},"message":"\u001b[90m> \u001b[39m     has_more: false,"}}
[info] >      total_count: 0, {"user":"    total_count: 0,","metadata":{"emulator":{"name":"functions"},"function":{"name":"api"},"message":"\u001b[90m> \u001b[39m     total_count: 0,"}}
[info] >      url: '/v1/charges?payment_intent=pi_1HyF4nFHdEPONKhFcWh8tFbs' {"user":"    url: '/v1/charges?payment_intent=pi_1HyF4nFHdEPONKhFcWh8tFbs'","metadata":{"emulator":{"name":"functions"},"function":{"name":"api"},"message":"\u001b[90m> \u001b[39m     url: '/v1/charges?payment_intent=pi_1HyF4nFHdEPONKhFcWh8tFbs'"}}
[info] >    }, {"user":"  },","metadata":{"emulator":{"name":"functions"},"function":{"name":"api"},"message":"\u001b[90m> \u001b[39m   },"}}
[info] >    client_secret: 'pi_1HyF4nFHdEPONKhFcWh8tFbs_secret_R77QJEILayf1Kf9CzNZOPDzkk', {"user":"  client_secret: 'pi_1HyF4nFHdEPONKhFcWh8tFbs_secret_R77QJEILayf1Kf9CzNZOPDzkk',","metadata":{"emulator":{"name":"functions"},"function":{"name":"api"},"message":"\u001b[90m> \u001b[39m   client_secret: 'pi_1HyF4nFHdEPONKhFcWh8tFbs_secret_R77QJEILayf1Kf9CzNZOPDzkk',"}}
[info] >    confirmation_method: 'automatic', {"user":"  confirmation_method: 'automatic',","metadata":{"emulator":{"name":"functions"},"function":{"name":"api"},"message":"\u001b[90m> \u001b[39m   confirmation_method: 'automatic',"}}
[info] >    created: 1607944729, {"user":"  created: 1607944729,","metadata":{"emulator":{"name":"functions"},"function":{"name":"api"},"message":"\u001b[90m> \u001b[39m   created: 1607944729,"}}
[info] >    currency: 'inr', {"user":"  currency: 'inr',","metadata":{"emulator":{"name":"functions"},"function":{"name":"api"},"message":"\u001b[90m> \u001b[39m   currency: 'inr',"}}
[info] >    customer: null, {"user":"  customer: null,","metadata":{"emulator":{"name":"functions"},"function":{"name":"api"},"message":"\u001b[90m> \u001b[39m   customer: null,"}}
[info] >    description: null, {"user":"  description: null,","metadata":{"emulator":{"name":"functions"},"function":{"name":"api"},"message":"\u001b[90m> \u001b[39m   description: null,"}}
[info] >    invoice: null, {"user":"  invoice: null,","metadata":{"emulator":{"name":"functions"},"function":{"name":"api"},"message":"\u001b[90m> \u001b[39m   invoice: null,"}}
[info] >    last_payment_error: null, {"user":"  last_payment_error: null,","metadata":{"emulator":{"name":"functions"},"function":{"name":"api"},"message":"\u001b[90m> \u001b[39m   last_payment_error: null,"}}
[info] >    livemode: false, {"user":"  livemode: false,","metadata":{"emulator":{"name":"functions"},"function":{"name":"api"},"message":"\u001b[90m> \u001b[39m   livemode: false,"}}
[info] >    metadata: {}, {"user":"  metadata: {},","metadata":{"emulator":{"name":"functions"},"function":{"name":"api"},"message":"\u001b[90m> \u001b[39m   metadata: {},"}}
[info] >    next_action: null, {"user":"  next_action: null,","metadata":{"emulator":{"name":"functions"},"function":{"name":"api"},"message":"\u001b[90m> \u001b[39m   next_action: null,"}}
[info] >    on_behalf_of: null, {"user":"  on_behalf_of: null,","metadata":{"emulator":{"name":"functions"},"function":{"name":"api"},"message":"\u001b[90m> \u001b[39m   on_behalf_of: null,"}}
[info] >    payment_method: null, {"user":"  payment_method: null,","metadata":{"emulator":{"name":"functions"},"function":{"name":"api"},"message":"\u001b[90m> \u001b[39m   payment_method: null,"}}
[info] >    payment_method_options: { {"user":"  payment_method_options: {","metadata":{"emulator":{"name":"functions"},"function":{"name":"api"},"message":"\u001b[90m> \u001b[39m   payment_method_options: {"}}
[info] >      card: { {"user":"    card: {","metadata":{"emulator":{"name":"functions"},"function":{"name":"api"},"message":"\u001b[90m> \u001b[39m     card: {"}}
[info] >        installments: null, {"user":"      installments: null,","metadata":{"emulator":{"name":"functions"},"function":{"name":"api"},"message":"\u001b[90m> \u001b[39m       installments: null,"}}
[info] >        network: null, {"user":"      network: null,","metadata":{"emulator":{"name":"functions"},"function":{"name":"api"},"message":"\u001b[90m> \u001b[39m       network: null,"}}
[info] >        request_three_d_secure: 'automatic' {"user":"      request_three_d_secure: 'automatic'","metadata":{"emulator":{"name":"functions"},"function":{"name":"api"},"message":"\u001b[90m> \u001b[39m       request_three_d_secure: 'automatic'"}}
[info] >      } {"user":"    }","metadata":{"emulator":{"name":"functions"},"function":{"name":"api"},"message":"\u001b[90m> \u001b[39m     }"}}
[info] >    }, {"user":"  },","metadata":{"emulator":{"name":"functions"},"function":{"name":"api"},"message":"\u001b[90m> \u001b[39m   },"}}
[info] >    payment_method_types: [ 'card' ], {"user":"  payment_method_types: [ 'card' ],","metadata":{"emulator":{"name":"functions"},"function":{"name":"api"},"message":"\u001b[90m> \u001b[39m   payment_method_types: [ 'card' ],"}}
[info] >    receipt_email: null, {"user":"  receipt_email: null,","metadata":{"emulator":{"name":"functions"},"function":{"name":"api"},"message":"\u001b[90m> \u001b[39m   receipt_email: null,"}}
[info] >    review: null, {"user":"  review: null,","metadata":{"emulator":{"name":"functions"},"function":{"name":"api"},"message":"\u001b[90m> \u001b[39m   review: null,"}}
[info] >    setup_future_usage: null, {"user":"  setup_future_usage: null,","metadata":{"emulator":{"name":"functions"},"function":{"name":"api"},"message":"\u001b[90m> \u001b[39m   setup_future_usage: null,"}}
[info] >    shipping: null, {"user":"  shipping: null,","metadata":{"emulator":{"name":"functions"},"function":{"name":"api"},"message":"\u001b[90m> \u001b[39m   shipping: null,"}}
[info] >    source: null, {"user":"  source: null,","metadata":{"emulator":{"name":"functions"},"function":{"name":"api"},"message":"\u001b[90m> \u001b[39m   source: null,"}}
[info] >    statement_descriptor: null, {"user":"  statement_descriptor: null,","metadata":{"emulator":{"name":"functions"},"function":{"name":"api"},"message":"\u001b[90m> \u001b[39m   statement_descriptor: null,"}}
[info] >    statement_descriptor_suffix: null, {"user":"  statement_descriptor_suffix: null,","metadata":{"emulator":{"name":"functions"},"function":{"name":"api"},"message":"\u001b[90m> \u001b[39m   statement_descriptor_suffix: null,"}}
[info] >    status: 'requires_payment_method', {"user":"  status: 'requires_payment_method',","metadata":{"emulator":{"name":"functions"},"function":{"name":"api"},"message":"\u001b[90m> \u001b[39m   status: 'requires_payment_method',"}}
[info] >    transfer_data: null, {"user":"  transfer_data: null,","metadata":{"emulator":{"name":"functions"},"function":{"name":"api"},"message":"\u001b[90m> \u001b[39m   transfer_data: null,"}}
[info] >    transfer_group: null {"user":"  transfer_group: null","metadata":{"emulator":{"name":"functions"},"function":{"name":"api"},"message":"\u001b[90m> \u001b[39m   transfer_group: null"}}
[info] >  } {"user":"}","metadata":{"emulator":{"name":"functions"},"function":{"name":"api"},"message":"\u001b[90m> \u001b[39m }"}}
[info] i  functions: Finished "api" in ~1s {"metadata":{"emulator":{"name":"functions"},"function":{"name":"api"},"message":"Finished \"api\" in ~1s"}}
[debug] [2020-12-14T11:18:47.097Z] [worker-api-24f3e685-15b5-4282-9641-5b8e431d975c]: IDLE {"metadata":{"emulator":{"name":"functions"},"message":"[worker-api-24f3e685-15b5-4282-9641-5b8e431d975c]: IDLE"}}
[debug] [2020-12-14T11:18:47.098Z] [work-queue] {"queueLength":0,"workRunningCount":0}
